(eps=0.0, alpha=0.001, tol=1): Ein=1.91323861696975, Eval=2.0635738948472295
(eps=0.0, alpha=0.001, tol=0.1): Ein=1.9057860718166764, Eval=2.0576454604259364
(eps=0.0, alpha=0.001, tol=0.01): Ein=1.883466538810032, Eval=2.067955946654985
(eps=0.0, alpha=0.001, tol=0.001): Ein=1.846930492358046, Eval=2.1249086647178914
(eps=0.0, alpha=0.0001, tol=1): Ein=1.9099335172467904, Eval=2.0617626286722315
(eps=0.0, alpha=0.0001, tol=0.1): Ein=1.9019886740525698, Eval=2.057122046571185
(eps=0.0, alpha=0.0001, tol=0.01): Ein=1.8792803239799407, Eval=2.069609880791092
(eps=0.0, alpha=0.0001, tol=0.001): Ein=1.839076556970498, Eval=2.1507471790808927
(eps=0.0, alpha=1e-05, tol=1): Ein=1.9096230303137678, Eval=2.0618163931086944
(eps=0.0, alpha=1e-05, tol=0.1): Ein=1.9017332262696647, Eval=2.0571584698492895
(eps=0.0, alpha=1e-05, tol=0.01): Ein=1.8789046028658627, Eval=2.069766595761359
(eps=0.0, alpha=1e-05, tol=0.001): Ein=1.8385527506743664, Eval=2.1532248790596413
(eps=0.0, alpha=1e-06, tol=1): Ein=1.909565625957846, Eval=2.0618635864307397
(eps=0.0, alpha=1e-06, tol=0.1): Ein=1.901679009222987, Eval=2.0570482508073256
(eps=0.0, alpha=1e-06, tol=0.01): Ein=1.8788659181433125, Eval=2.069464536034656
(eps=0.0, alpha=1e-06, tol=0.001): Ein=1.8385062914841388, Eval=2.1536741307882226
(eps=0.0, alpha=1e-07, tol=1): Ein=1.9095556404704073, Eval=2.0619008001720958
(eps=0.0, alpha=1e-07, tol=0.1): Ein=1.901654385324768, Eval=2.0570068894859657
(eps=0.0, alpha=1e-07, tol=0.01): Ein=1.878862195942472, Eval=2.0694674324889353
(eps=0.0, alpha=1e-07, tol=0.001): Ein=1.8384950793101942, Eval=2.153366483889055
(eps=0.1, alpha=0.001, tol=1): Ein=1.9132392911541845, Eval=2.0646446305494655
(eps=0.1, alpha=0.001, tol=0.1): Ein=1.9058110883554584, Eval=2.0618823019041725
(eps=0.1, alpha=0.001, tol=0.01): Ein=1.8836267584657695, Eval=2.0682679105980943
(eps=0.1, alpha=0.001, tol=0.001): Ein=1.8468955483150709, Eval=2.1255662058696587
(eps=0.1, alpha=0.0001, tol=1): Ein=1.9100662670328452, Eval=2.0632392844524983
(eps=0.1, alpha=0.0001, tol=0.1): Ein=1.9021073154441361, Eval=2.056849128140803
(eps=0.1, alpha=0.0001, tol=0.01): Ein=1.8794823344789366, Eval=2.0704289931037043
(eps=0.1, alpha=0.0001, tol=0.001): Ein=1.8393609757118006, Eval=2.149665082932734
(eps=0.1, alpha=1e-05, tol=1): Ein=1.9097868187033336, Eval=2.063264899241882
(eps=0.1, alpha=1e-05, tol=0.1): Ein=1.9017441363026693, Eval=2.056728274995258
(eps=0.1, alpha=1e-05, tol=0.01): Ein=1.879081050175718, Eval=2.070759302614893
(eps=0.1, alpha=1e-05, tol=0.001): Ein=1.838772197247365, Eval=2.1517748057784383
(eps=0.1, alpha=1e-06, tol=1): Ein=1.9097400382213987, Eval=2.0632473138276546
(eps=0.1, alpha=1e-06, tol=0.1): Ein=1.901687202777317, Eval=2.056708440768138
(eps=0.1, alpha=1e-06, tol=0.01): Ein=1.8790302414412015, Eval=2.070760407273474
(eps=0.1, alpha=1e-06, tol=0.001): Ein=1.838705472301592, Eval=2.1519576779558895
(eps=0.1, alpha=1e-07, tol=1): Ein=1.909752284671834, Eval=2.0632390523330457
(eps=0.1, alpha=1e-07, tol=0.1): Ein=1.9016809155359624, Eval=2.0567800523498554
(eps=0.1, alpha=1e-07, tol=0.01): Ein=1.8790182084465596, Eval=2.070831366606439
(eps=0.1, alpha=1e-07, tol=0.001): Ein=1.8387030143349985, Eval=2.151992594488501
(eps=0.2, alpha=0.001, tol=1): Ein=1.9133135642056835, Eval=2.0649244576869825
(eps=0.2, alpha=0.001, tol=0.1): Ein=1.9054924477816677, Eval=2.05835795503164
(eps=0.2, alpha=0.001, tol=0.01): Ein=1.8838689087431544, Eval=2.0743550010753817
(eps=0.2, alpha=0.001, tol=0.001): Ein=1.84748702181928, Eval=2.1246122469374797
(eps=0.2, alpha=0.0001, tol=1): Ein=1.9101326405167962, Eval=2.0641036374261157
(eps=0.2, alpha=0.0001, tol=0.1): Ein=1.9019219618593248, Eval=2.0576336883394335
(eps=0.2, alpha=0.0001, tol=0.01): Ein=1.8797264908618792, Eval=2.0775699986006795
(eps=0.2, alpha=0.0001, tol=0.001): Ein=1.8390548218025768, Eval=2.1429200208787127
(eps=0.2, alpha=1e-05, tol=1): Ein=1.909779050789584, Eval=2.063962351287532
(eps=0.2, alpha=1e-05, tol=0.1): Ein=1.901560472856927, Eval=2.057726921747051
(eps=0.2, alpha=1e-05, tol=0.01): Ein=1.8793128435879793, Eval=2.0778194300807704
(eps=0.2, alpha=1e-05, tol=0.001): Ein=1.8384451032394806, Eval=2.1454269884618826
(eps=0.2, alpha=1e-06, tol=1): Ein=1.90976863579193, Eval=2.063854559313127
(eps=0.2, alpha=1e-06, tol=0.1): Ein=1.9015185876874696, Eval=2.057665797483897
(eps=0.2, alpha=1e-06, tol=0.01): Ein=1.879285637707437, Eval=2.0778609357541473
(eps=0.2, alpha=1e-06, tol=0.001): Ein=1.8383745201389707, Eval=2.1457501260238385
(eps=0.2, alpha=1e-07, tol=1): Ein=1.909777527160216, Eval=2.0639712969788557
(eps=0.2, alpha=1e-07, tol=0.1): Ein=1.9015036542453718, Eval=2.057653607277889
(eps=0.2, alpha=1e-07, tol=0.01): Ein=1.8792916366834813, Eval=2.077909858023543
(eps=0.2, alpha=1e-07, tol=0.001): Ein=1.8383703971935008, Eval=2.145763129158992
(eps=0.3, alpha=0.001, tol=1): Ein=1.9135318903565925, Eval=2.065756798182199
(eps=0.3, alpha=0.001, tol=0.1): Ein=1.9059129311711966, Eval=2.063132031621653
(eps=0.3, alpha=0.001, tol=0.01): Ein=1.8840237213145592, Eval=2.0749067228902813
(eps=0.3, alpha=0.001, tol=0.001): Ein=1.8456696638535255, Eval=2.119170742641628
(eps=0.3, alpha=0.0001, tol=1): Ein=1.9102127719423143, Eval=2.0638974061170403
(eps=0.3, alpha=0.0001, tol=0.1): Ein=1.9022879750307697, Eval=2.0622268832348567
(eps=0.3, alpha=0.0001, tol=0.01): Ein=1.879378253702318, Eval=2.079509113701644
(eps=0.3, alpha=0.0001, tol=0.001): Ein=1.839618134201663, Eval=2.1470127181244325
(eps=0.3, alpha=1e-05, tol=1): Ein=1.9098395627328364, Eval=2.0638111867438202
(eps=0.3, alpha=1e-05, tol=0.1): Ein=1.9019448461305097, Eval=2.0623517800769906
(eps=0.3, alpha=1e-05, tol=0.01): Ein=1.8789811043381845, Eval=2.0797256205847185
(eps=0.3, alpha=1e-05, tol=0.001): Ein=1.8390175265799884, Eval=2.1489863198985546
(eps=0.3, alpha=1e-06, tol=1): Ein=1.9097991928016356, Eval=2.063708943838658
(eps=0.3, alpha=1e-06, tol=0.1): Ein=1.9019038609055539, Eval=2.062242315742831
(eps=0.3, alpha=1e-06, tol=0.01): Ein=1.8789263082132153, Eval=2.079811339741314
(eps=0.3, alpha=1e-06, tol=0.001): Ein=1.8389468834189837, Eval=2.149419273186204
(eps=0.3, alpha=1e-07, tol=1): Ein=1.9097898761798995, Eval=2.0637163494013846
(eps=0.3, alpha=1e-07, tol=0.1): Ein=1.901873269856193, Eval=2.0623416761047078
(eps=0.3, alpha=1e-07, tol=0.01): Ein=1.8789356701995208, Eval=2.0798573063336456
(eps=0.3, alpha=1e-07, tol=0.001): Ein=1.838943348278357, Eval=2.1495045529261483

----------------------------------

Best Parameters

(eps=0.1, alpha=1e-06, tol=0.1): Eval=2.056708440768138
