----------------------------------
l2reg=10
Eval=1.6996164707166774
[-1.66836294 -1.66746942 -1.67182229 -1.74458728 -1.67969712 -1.66939694
 -1.73649371 -1.67795569 -1.73583288 -1.74454645]
----------------------------------
l2reg=20
Eval=1.7043123466737415
[-1.67233981 -1.66755716 -1.67480748 -1.7467461  -1.6719541  -1.68735498
 -1.74388872 -1.69191656 -1.73738369 -1.74917486]
----------------------------------
l2reg=30
Eval=1.6994033924206349
[-1.6674427  -1.67470064 -1.67953751 -1.72789498 -1.66907988 -1.66846049
 -1.73876834 -1.68331742 -1.73229811 -1.75253385]
----------------------------------
l2reg=40
Eval=1.6985555354820943
[-1.66956195 -1.67128789 -1.67270286 -1.74015806 -1.6763492  -1.67216642
 -1.73484259 -1.67878224 -1.7208789  -1.74882524]
----------------------------------
l2reg=50
Eval=1.699877584410667
[-1.65575493 -1.6756549  -1.66256479 -1.73504683 -1.66853365 -1.68766613
 -1.75037014 -1.67915793 -1.73831343 -1.74571312]
----------------------------------
l2reg=60
Eval=1.6990471608296354
[-1.670653   -1.6670871  -1.67103232 -1.73370875 -1.67248416 -1.68284842
 -1.73899931 -1.67653438 -1.73766972 -1.73945447]
----------------------------------
l2reg=70
Eval=1.7018332101506162
[-1.66963968 -1.67967933 -1.67797075 -1.72967781 -1.67529947 -1.68329709
 -1.74466245 -1.68361837 -1.73129947 -1.74318769]
----------------------------------
l2reg=80
Eval=1.6976539483815674
[-1.67038522 -1.66952341 -1.66278746 -1.73123042 -1.66293153 -1.67333615
 -1.7448697  -1.68709313 -1.7346028  -1.73977968]
----------------------------------
l2reg=90
Eval=1.6990789338525634
[-1.674805   -1.68390762 -1.65726724 -1.73001935 -1.6748817  -1.67405237
 -1.74527356 -1.67534681 -1.72494928 -1.75028641]
----------------------------------
l2reg=100
Eval=1.697062618082032
[-1.66055366 -1.67180199 -1.66716843 -1.72258026 -1.67132245 -1.68267469
 -1.73046465 -1.68154319 -1.72951036 -1.75300649]
----------------------------------
l2reg=110
Eval=1.7036785296311083
[-1.66061947 -1.67360902 -1.67398318 -1.73774912 -1.67269812 -1.68151964
 -1.75052012 -1.69253539 -1.74600627 -1.74754497]
----------------------------------
l2reg=120
Eval=1.7013764146543413
[-1.65996    -1.67095665 -1.65581926 -1.73315974 -1.69028949 -1.6811328
 -1.74720558 -1.68887723 -1.742129   -1.74423441]
----------------------------------
l2reg=130
Eval=1.69957449937328
[-1.66369587 -1.67490932 -1.6625872  -1.73654244 -1.67431172 -1.6797013
 -1.7460794  -1.67320826 -1.74322824 -1.74148125]
----------------------------------
l2reg=140
Eval=1.702423239195161
[-1.6732869  -1.66993512 -1.66775286 -1.74205205 -1.6637306  -1.68228911
 -1.73761282 -1.68115479 -1.74819337 -1.75822478]
----------------------------------
l2reg=150
Eval=1.7020858204716496
[-1.66550422 -1.66647399 -1.66500436 -1.72586047 -1.67185115 -1.69234072
 -1.74979902 -1.6886572  -1.74206603 -1.75330105]
----------------------------------
l2reg=160
Eval=1.6981370486383216
[-1.65599049 -1.65633802 -1.66986221 -1.73505619 -1.68038365 -1.68269256
 -1.74334989 -1.67402992 -1.73868439 -1.74498317]
----------------------------------
l2reg=170
Eval=1.6992918843598033
[-1.65137948 -1.66959168 -1.66806898 -1.73384906 -1.673431   -1.6747709
 -1.74970207 -1.68198665 -1.74265704 -1.74748198]
----------------------------------
l2reg=180
Eval=1.7017030266904871
[-1.66841059 -1.66824876 -1.65372104 -1.74659645 -1.67534977 -1.6631651
 -1.74916343 -1.69569295 -1.73954381 -1.75713836]
----------------------------------
l2reg=190
Eval=1.7012861240588826
[-1.65561039 -1.66989268 -1.66811074 -1.73413665 -1.6766265  -1.68675513
 -1.73970906 -1.69441057 -1.73491221 -1.75269731]
----------------------------------
l2reg=200
Eval=1.7032694881891004
[-1.65542869 -1.67261285 -1.66444419 -1.74022045 -1.67197092 -1.68317835
 -1.74211552 -1.69700216 -1.74289137 -1.76283038]
----------------------------------
l2reg=210
Eval=1.7026450762449161
[-1.65464012 -1.67367817 -1.66491381 -1.74199526 -1.67207264 -1.67990487
 -1.74258843 -1.68993363 -1.75738928 -1.74933456]
----------------------------------
l2reg=220
Eval=1.7027434077380288
[-1.66730407 -1.67009937 -1.66248395 -1.73949284 -1.67076242 -1.67776476
 -1.74914108 -1.6863447  -1.74224224 -1.76179866]
----------------------------------
l2reg=230
Eval=1.703662044497868
[-1.65771857 -1.67208171 -1.67148113 -1.73663177 -1.66864623 -1.68168604
 -1.73763289 -1.69329208 -1.75996434 -1.75748568]
----------------------------------
l2reg=240
Eval=1.6999617126877968
[-1.65539035 -1.66831073 -1.65683681 -1.73595738 -1.66675313 -1.68032513
 -1.74813897 -1.69898873 -1.74554931 -1.74336658]
----------------------------------
l2reg=250
Eval=1.6996598841370774
[-1.65365257 -1.66848209 -1.66879969 -1.74145993 -1.66255682 -1.67837344
 -1.74548703 -1.67748806 -1.75306516 -1.74723405]
----------------------------------
l2reg=260
Eval=1.7009502707878732
[-1.65119863 -1.6608541  -1.67686298 -1.74254174 -1.67621551 -1.68438249
 -1.74618608 -1.68031969 -1.74567216 -1.74526934]
----------------------------------
l2reg=270
Eval=1.700400320955898
[-1.6497557  -1.66616091 -1.66246284 -1.74516111 -1.67625459 -1.67428434
 -1.75106893 -1.69111267 -1.73451644 -1.75322568]
----------------------------------
l2reg=280
Eval=1.7027889709894777
[-1.64975613 -1.68322932 -1.66243648 -1.72988741 -1.67827062 -1.67815828
 -1.74819606 -1.68910459 -1.74671241 -1.7621384 ]
----------------------------------
l2reg=290
Eval=1.7017915524111484
[-1.65327002 -1.66884756 -1.66005841 -1.73473651 -1.67940229 -1.68728748
 -1.74352245 -1.68851551 -1.74950529 -1.75276999]
----------------------------------
l2reg=300
Eval=1.702299600970886
[-1.65830891 -1.67315211 -1.67247866 -1.72686928 -1.68865069 -1.68149499
 -1.73655137 -1.6900434  -1.74563974 -1.74980685]
----------------------------------
l2reg=310
Eval=1.7000561296808694
[-1.64789725 -1.67013822 -1.66090906 -1.73878318 -1.6765114  -1.68557945
 -1.74019569 -1.68907146 -1.75006844 -1.74140715]
----------------------------------
l2reg=320
Eval=1.7025014645161907
[-1.64392838 -1.66942431 -1.67825418 -1.73602993 -1.67754783 -1.67666474
 -1.7311165  -1.68945065 -1.75444583 -1.7681523 ]
----------------------------------
l2reg=330
Eval=1.7021889059875863
[-1.6534093  -1.66608524 -1.65172533 -1.73856053 -1.67981421 -1.68823066
 -1.74154322 -1.68727584 -1.75773158 -1.75751318]
----------------------------------
l2reg=340
Eval=1.7018197424788144
[-1.65534174 -1.65466443 -1.66669409 -1.74483204 -1.6712228  -1.68045216
 -1.75185607 -1.69010331 -1.75077021 -1.75226059]
----------------------------------
l2reg=350
Eval=1.7032289074683309
[-1.65844354 -1.66859024 -1.6544855  -1.73713221 -1.68055833 -1.69343317
 -1.75221792 -1.68416024 -1.75057184 -1.75269609]
----------------------------------
l2reg=360
Eval=1.7048519097877208
[-1.66673032 -1.66486379 -1.65881801 -1.73803206 -1.66787462 -1.68745159
 -1.75491024 -1.68279284 -1.75711789 -1.76992773]
----------------------------------
l2reg=370
Eval=1.7061747942432668
[-1.66036078 -1.68152784 -1.65713293 -1.74987307 -1.67423299 -1.67989171
 -1.7458088  -1.69288699 -1.76084719 -1.75918564]
----------------------------------
l2reg=380
Eval=1.7057691983382024
[-1.65781341 -1.67652561 -1.65957208 -1.73656993 -1.67473714 -1.68912669
 -1.76279757 -1.69370573 -1.7505321  -1.75631171]
----------------------------------
l2reg=390
Eval=1.7042679276412425
[-1.65958216 -1.66564378 -1.6550674  -1.74147558 -1.67801602 -1.67881507
 -1.75737866 -1.69423041 -1.75107692 -1.76139327]
----------------------------------
l2reg=400
Eval=1.7088928251156656
[-1.6597491  -1.66385959 -1.66603341 -1.74442862 -1.68186553 -1.6969115
 -1.75484767 -1.69617638 -1.74900552 -1.77605094]
----------------------------------
l2reg=410
Eval=1.7042165718929065
[-1.6503592  -1.67277693 -1.66534025 -1.74392628 -1.67067609 -1.68831092
 -1.74563636 -1.6996614  -1.75226552 -1.75321278]
----------------------------------
l2reg=420
Eval=1.7058345864244295
[-1.6587483  -1.67527212 -1.66114413 -1.73598822 -1.67387792 -1.68721656
 -1.74795745 -1.70642629 -1.75236849 -1.75934639]
----------------------------------
l2reg=430
Eval=1.7051954693930003
[-1.64966938 -1.66449132 -1.65538557 -1.74732038 -1.67930936 -1.69474249
 -1.75595305 -1.69633863 -1.75018891 -1.7585556 ]
----------------------------------
l2reg=440
Eval=1.7040371870151731
[-1.64933469 -1.66636144 -1.65758394 -1.74012958 -1.67775122 -1.68888617
 -1.75209192 -1.70040533 -1.75452431 -1.75330327]
----------------------------------
l2reg=450
Eval=1.7054480977946305
[-1.66257654 -1.66560114 -1.66485725 -1.73133815 -1.66780791 -1.6922317
 -1.74586165 -1.69844349 -1.762003   -1.76376014]
----------------------------------
l2reg=460
Eval=1.7046461003209228
[-1.65167035 -1.67158648 -1.66509923 -1.75054261 -1.66837489 -1.69034176
 -1.74256492 -1.69701699 -1.74748292 -1.76178086]
----------------------------------
l2reg=470
Eval=1.707102894525604
[-1.65236611 -1.67099198 -1.65855089 -1.74330841 -1.68182864 -1.68892642
 -1.74700664 -1.69179692 -1.76942409 -1.76682884]
----------------------------------
l2reg=480
Eval=1.7029085180348837
[-1.66049262 -1.66693247 -1.66199086 -1.7439515  -1.66950367 -1.67969148
 -1.7496478  -1.6946506  -1.75746535 -1.74475884]
----------------------------------
l2reg=490
Eval=1.7042088172174386
[-1.66106189 -1.67762027 -1.65354656 -1.73971936 -1.67867745 -1.6769491
 -1.75152749 -1.68792646 -1.7586174  -1.75644219]
----------------------------------
l2reg=500
Eval=1.7016129654026781
[-1.66101571 -1.66069857 -1.66017755 -1.73113586 -1.67928864 -1.68512906
 -1.7433097  -1.68837979 -1.75640059 -1.75059419]
----------------------------------
l2reg=510
Eval=1.703452394868735
[-1.65625121 -1.66255167 -1.66506339 -1.73079905 -1.67217053 -1.68090493
 -1.74873924 -1.70080795 -1.75394381 -1.76329218]
----------------------------------
l2reg=520
Eval=1.7052484142542064
[-1.65611049 -1.66868187 -1.66040749 -1.7374099  -1.67449561 -1.67827234
 -1.74731709 -1.69648542 -1.76811294 -1.76519099]
----------------------------------
l2reg=530
Eval=1.7048547585646627
[-1.65752491 -1.66224923 -1.67070029 -1.75540042 -1.66037457 -1.68405449
 -1.73549996 -1.70062944 -1.76257834 -1.75953593]
----------------------------------
l2reg=540
Eval=1.7074890464364223
[-1.65916511 -1.66953132 -1.6741178  -1.75441173 -1.68262664 -1.67971993
 -1.74273413 -1.70633899 -1.75001359 -1.75623122]
----------------------------------
l2reg=550
Eval=1.7069770944939395
[-1.65812226 -1.66611237 -1.67060099 -1.74430559 -1.66709301 -1.68420188
 -1.76207983 -1.70109367 -1.76439909 -1.75176226]
----------------------------------
l2reg=560
Eval=1.7067349215101806
[-1.65509466 -1.67584934 -1.67567845 -1.74099667 -1.67612971 -1.68584792
 -1.74868416 -1.69469625 -1.76311745 -1.75125459]
----------------------------------
l2reg=570
Eval=1.7088694882818658
[-1.6582826  -1.67387913 -1.67008056 -1.74091394 -1.67653182 -1.6848564
 -1.75022187 -1.70690402 -1.76441565 -1.76260891]
----------------------------------
l2reg=580
Eval=1.7058680294557504
[-1.66243126 -1.66260673 -1.66959926 -1.73836076 -1.67753623 -1.67146121
 -1.76125328 -1.70128054 -1.75283875 -1.76131227]
----------------------------------
l2reg=590
Eval=1.7070597760762165
[-1.65544099 -1.66933955 -1.66769613 -1.73570401 -1.67431476 -1.68087892
 -1.75022744 -1.70253829 -1.77083549 -1.76362216]
----------------------------------
l2reg=600
Eval=1.7053074813441444
[-1.65737319 -1.67472164 -1.66366221 -1.72951993 -1.67651409 -1.67800045
 -1.74292635 -1.69000359 -1.76828444 -1.77206892]
----------------------------------
l2reg=610
Eval=1.7095949698753077
[-1.6569384  -1.66474887 -1.66313113 -1.74407314 -1.6809508  -1.68842554
 -1.75611268 -1.70263076 -1.76666752 -1.77227087]
----------------------------------
l2reg=620
Eval=1.7103101330658188
[-1.66178322 -1.66872324 -1.66000072 -1.74816908 -1.67979931 -1.68722705
 -1.75276715 -1.70495216 -1.76577349 -1.77390593]
----------------------------------
l2reg=630
Eval=1.708480006894637
[-1.6550553  -1.67816377 -1.66258411 -1.73638228 -1.67128006 -1.6926901
 -1.75499256 -1.69807527 -1.76626024 -1.76931639]
----------------------------------
l2reg=640
Eval=1.707194192865933
[-1.66026745 -1.67469998 -1.65945049 -1.74120017 -1.67649254 -1.68088274
 -1.75178012 -1.70238226 -1.75198628 -1.77279988]
----------------------------------
l2reg=650
Eval=1.7079825501932688
[-1.66128648 -1.66683736 -1.66766438 -1.74216512 -1.67095994 -1.68322342
 -1.7518102  -1.70311787 -1.76389867 -1.76886205]
----------------------------------
l2reg=660
Eval=1.707872392381704
[-1.65843171 -1.66584453 -1.67052997 -1.74191773 -1.67330348 -1.68572076
 -1.75415626 -1.70741732 -1.75643171 -1.76497043]
----------------------------------
l2reg=670
Eval=1.7085326320472412
[-1.65736616 -1.67234866 -1.67209314 -1.74825791 -1.67837316 -1.68560887
 -1.75504555 -1.70084632 -1.760269   -1.75511755]
----------------------------------
l2reg=680
Eval=1.7078233639269726
[-1.66172935 -1.66544021 -1.66720767 -1.74948506 -1.67250469 -1.68622969
 -1.75596704 -1.6960351  -1.75956307 -1.76407177]
----------------------------------
l2reg=690
Eval=1.70687562942843
[-1.6641379  -1.6624429  -1.66729554 -1.73193297 -1.67949367 -1.68068127
 -1.75878098 -1.6950174  -1.76853873 -1.76043494]
----------------------------------
l2reg=700
Eval=1.7064970952937126
[-1.65044289 -1.67358929 -1.66544846 -1.73822541 -1.67652654 -1.69104393
 -1.75449418 -1.69100252 -1.76977953 -1.7544182 ]
----------------------------------
l2reg=710
Eval=1.7074497694412993
[-1.66074961 -1.67042836 -1.65790664 -1.74075574 -1.67346125 -1.68120892
 -1.75892226 -1.70192231 -1.76629766 -1.76284495]
----------------------------------
l2reg=720
Eval=1.706651258048495
[-1.66510427 -1.66690938 -1.66528433 -1.73486958 -1.67871325 -1.68068616
 -1.7439679  -1.69371134 -1.76350995 -1.7737564 ]
----------------------------------
l2reg=730
Eval=1.7078620437975267
[-1.66073986 -1.66384062 -1.67058514 -1.74764514 -1.67472217 -1.68837184
 -1.74256838 -1.70398252 -1.76152621 -1.76463857]
----------------------------------
l2reg=740
Eval=1.709249203821877
[-1.6637307  -1.66607414 -1.6610014  -1.74692427 -1.67507247 -1.68339698
 -1.74907178 -1.70346706 -1.77503005 -1.76872318]
----------------------------------
l2reg=750
Eval=1.7071733945627852
[-1.66381158 -1.66139306 -1.66215427 -1.7332361  -1.66854676 -1.67720944
 -1.75304651 -1.71254584 -1.76941547 -1.77037493]
----------------------------------
l2reg=760
Eval=1.7120822971401588
[-1.670442   -1.66887773 -1.66020875 -1.73942235 -1.68197424 -1.68538937
 -1.75248702 -1.70772975 -1.77937961 -1.77491217]
----------------------------------
l2reg=770
Eval=1.7079057762782663
[-1.65878312 -1.66524537 -1.65941367 -1.7454419  -1.67351522 -1.68617469
 -1.75461352 -1.70403278 -1.77024359 -1.76159391]
----------------------------------
l2reg=780
Eval=1.7094650254297181
[-1.65840256 -1.66626482 -1.66438623 -1.75094049 -1.67519794 -1.68185538
 -1.76202191 -1.71692785 -1.76410243 -1.75455064]
----------------------------------
l2reg=790
Eval=1.7081448724989976
[-1.65813545 -1.66608949 -1.65694787 -1.74046259 -1.68192851 -1.68606749
 -1.7533418  -1.7120763  -1.76134895 -1.76505029]
----------------------------------
l2reg=800
Eval=1.7087583631590053
[-1.65922301 -1.67224486 -1.65998209 -1.73766678 -1.68402155 -1.68199039
 -1.75007357 -1.71311154 -1.77013685 -1.75913298]
----------------------------------
l2reg=810
Eval=1.7101876976050483
[-1.66382356 -1.66517964 -1.66986395 -1.74763126 -1.68666281 -1.67882377
 -1.75717584 -1.70448293 -1.76106735 -1.76716587]
----------------------------------
l2reg=820
Eval=1.7081563168911043
[-1.65606858 -1.66735358 -1.66144243 -1.74633493 -1.68413456 -1.68185965
 -1.75224696 -1.69826152 -1.76539757 -1.76846337]
----------------------------------
l2reg=830
Eval=1.7104101156324631
[-1.65865943 -1.67095194 -1.65866194 -1.74904166 -1.68938916 -1.67006993
 -1.75940756 -1.71318542 -1.77247501 -1.76225912]
----------------------------------
l2reg=840
Eval=1.7091732723914597
[-1.64880045 -1.66096975 -1.66041216 -1.74878625 -1.68263613 -1.68487245
 -1.75975997 -1.70147945 -1.77720033 -1.76681579]
----------------------------------
l2reg=850
Eval=1.7103613869584737
[-1.66001145 -1.65970796 -1.66115632 -1.74295415 -1.68940018 -1.68970744
 -1.75633325 -1.70612944 -1.77291737 -1.76529632]
----------------------------------
l2reg=860
Eval=1.708179517382014
[-1.66097236 -1.66236643 -1.65697503 -1.73971898 -1.67613733 -1.68539932
 -1.75419212 -1.70341816 -1.77048915 -1.7721263 ]
----------------------------------
l2reg=870
Eval=1.708299346832265
[-1.65775142 -1.67127435 -1.65443411 -1.75099728 -1.68953829 -1.66953915
 -1.75530437 -1.69929633 -1.77039179 -1.76446638]
----------------------------------
l2reg=880
Eval=1.7130813935860973
[-1.66290199 -1.66687326 -1.66570716 -1.75368347 -1.68670126 -1.67814651
 -1.77228238 -1.69732622 -1.78398219 -1.7632095 ]
----------------------------------
l2reg=890
Eval=1.7108783442792572
[-1.66554014 -1.67181895 -1.6672833  -1.75504465 -1.68921418 -1.67522911
 -1.74968602 -1.69319739 -1.7685954  -1.77317431]
----------------------------------
l2reg=900
Eval=1.7096800939059396
[-1.65622184 -1.66028914 -1.6650843  -1.74076404 -1.68320723 -1.68608396
 -1.75426755 -1.69577059 -1.77789544 -1.77721684]
----------------------------------
l2reg=910
Eval=1.7119121655563443
[-1.65680843 -1.65749975 -1.66749037 -1.74792103 -1.68155785 -1.67210738
 -1.75357204 -1.7085527  -1.7926467  -1.78096541]
----------------------------------
l2reg=920
Eval=1.7123178691756251
[-1.66436663 -1.66077585 -1.66089582 -1.74874378 -1.69022404 -1.68500935
 -1.75766512 -1.70456963 -1.77607252 -1.77485595]
----------------------------------
l2reg=930
Eval=1.7119067737137752
[-1.65651955 -1.66170979 -1.66328019 -1.75054327 -1.68003533 -1.69020853
 -1.75897022 -1.70129124 -1.7836279  -1.77288173]
----------------------------------
l2reg=940
Eval=1.7118802101810489
[-1.65946106 -1.66369526 -1.66406735 -1.74654884 -1.68179573 -1.69296696
 -1.75481306 -1.70093449 -1.77593447 -1.77858488]
----------------------------------
l2reg=950
Eval=1.7100050998098915
[-1.65350397 -1.66710447 -1.65122257 -1.75386167 -1.67700042 -1.6807905
 -1.76452821 -1.70049593 -1.77129965 -1.78024361]
----------------------------------
l2reg=960
Eval=1.7088316549721072
[-1.66458275 -1.65677106 -1.66317619 -1.73865213 -1.6762663  -1.68427061
 -1.74876992 -1.69858181 -1.77656316 -1.7806826 ]
----------------------------------
l2reg=970
Eval=1.7130631835095447
[-1.65989612 -1.66483585 -1.67534949 -1.7409445  -1.6875655  -1.67984816
 -1.76193377 -1.70966629 -1.77407046 -1.77652171]
----------------------------------
l2reg=980
Eval=1.7119477334463966
[-1.6599806  -1.66810478 -1.66320457 -1.74893353 -1.69147481 -1.68842202
 -1.75810895 -1.70173481 -1.77019851 -1.76931476]
----------------------------------
l2reg=990
Eval=1.7095037593848255
[-1.6509527  -1.6678281  -1.66112577 -1.74536828 -1.68756704 -1.68373803
 -1.7516714  -1.70198151 -1.76819393 -1.77661083]
----------------------------------
l2reg=1000
Eval=1.7088234890212881
[-1.65206197 -1.66040195 -1.67127357 -1.7377736  -1.68674888 -1.68194031
 -1.75870166 -1.69785399 -1.76448789 -1.77699107]
----------------------------------
l2reg=1010
Eval=1.7083478610439529
[-1.65797695 -1.65697989 -1.65549142 -1.75369627 -1.68941523 -1.67691984
 -1.74888552 -1.70363577 -1.77154553 -1.76893218]
----------------------------------
l2reg=1020
Eval=1.7106565081662268
[-1.66273064 -1.66314831 -1.6586212  -1.75018634 -1.68760516 -1.68038815
 -1.75356754 -1.69422908 -1.77462975 -1.78145892]
----------------------------------
l2reg=1030
Eval=1.711208781603413
[-1.66958834 -1.66622995 -1.67059645 -1.74380225 -1.68623758 -1.6734566
 -1.75101958 -1.70497421 -1.78040143 -1.76578142]
----------------------------------
l2reg=1040
Eval=1.7108109916226482
[-1.67576593 -1.66691516 -1.66705491 -1.73779245 -1.68982164 -1.68085429
 -1.75233217 -1.69685135 -1.77335456 -1.76736746]
----------------------------------
l2reg=1050
Eval=1.7108814338022333
[-1.6613377  -1.66353679 -1.67240996 -1.73459073 -1.68664265 -1.68189726
 -1.75436084 -1.70092711 -1.7812288  -1.77188249]
----------------------------------
l2reg=1060
Eval=1.712442831881519
[-1.65648258 -1.67717683 -1.66789061 -1.73684192 -1.68615965 -1.68408336
 -1.75772542 -1.70655151 -1.77060747 -1.78090897]
----------------------------------
l2reg=1070
Eval=1.7112261550319576
[-1.66032602 -1.66139987 -1.6534231  -1.74132056 -1.69662465 -1.67475147
 -1.75884594 -1.70260802 -1.77961071 -1.78335121]
----------------------------------
l2reg=1080
Eval=1.710542961625896
[-1.66201524 -1.65813247 -1.66490727 -1.74043052 -1.6853254  -1.67993113
 -1.74990956 -1.70737986 -1.78054078 -1.77685739]
----------------------------------
l2reg=1090
Eval=1.710575874817825
[-1.66101426 -1.65831631 -1.66155995 -1.7476612  -1.67415599 -1.69118838
 -1.756047   -1.70226181 -1.77757705 -1.77597679]
----------------------------------
l2reg=1100
Eval=1.716274524303957
[-1.65740383 -1.65957886 -1.66729333 -1.7598101  -1.6910908  -1.69239531
 -1.76109328 -1.70692504 -1.78082406 -1.78633062]
----------------------------------
l2reg=1110
Eval=1.7113708479848841
[-1.65615752 -1.66120835 -1.66609391 -1.74455211 -1.68500114 -1.68177457
 -1.75761759 -1.70466666 -1.77572248 -1.78091415]
----------------------------------
l2reg=1120
Eval=1.710529235140461
[-1.673723   -1.65290024 -1.65645798 -1.7515249  -1.68727064 -1.6831298
 -1.75840376 -1.69922774 -1.76350529 -1.77914901]
----------------------------------
l2reg=1130
Eval=1.7098957651929232
[-1.66684557 -1.6539855  -1.66162338 -1.73965564 -1.69525259 -1.68502055
 -1.75476937 -1.69917211 -1.76809455 -1.7745384 ]
----------------------------------
l2reg=1140
Eval=1.7102339712272312
[-1.67156573 -1.65296194 -1.65473159 -1.74298445 -1.69177266 -1.67800991
 -1.75938795 -1.71329817 -1.76916921 -1.76845811]
----------------------------------
l2reg=1150
Eval=1.7134260844047742
[-1.67898318 -1.66557865 -1.66804375 -1.74958853 -1.68287058 -1.68279764
 -1.76028311 -1.70490656 -1.77010887 -1.77109998]
----------------------------------
l2reg=1160
Eval=1.709588297796429
[-1.66226508 -1.65373132 -1.66980658 -1.75333693 -1.68213177 -1.67861407
 -1.75789454 -1.69754966 -1.77419798 -1.76635507]
----------------------------------
l2reg=1170
Eval=1.711339143177235
[-1.66690204 -1.66857766 -1.67046883 -1.7445509  -1.68144399 -1.68077055
 -1.76069451 -1.7014947  -1.77338774 -1.76510051]
----------------------------------
l2reg=1180
Eval=1.7126958429035568
[-1.65764409 -1.66498507 -1.66447367 -1.75306291 -1.68481037 -1.68517722
 -1.75523223 -1.71063824 -1.77922078 -1.77171385]
----------------------------------
l2reg=1190
Eval=1.7126111035928395
[-1.66448885 -1.65938449 -1.65713206 -1.74511101 -1.69762677 -1.68400897
 -1.75733699 -1.70888583 -1.77097142 -1.78116464]
----------------------------------
l2reg=1200
Eval=1.7131433883215617
[-1.6660061  -1.66219385 -1.66583324 -1.75124725 -1.69257368 -1.68136862
 -1.75877732 -1.70266092 -1.77551014 -1.77526276]
----------------------------------
l2reg=1210
Eval=1.7137398624483524
[-1.65515945 -1.66955992 -1.66726696 -1.75263967 -1.68654053 -1.68220637
 -1.75261473 -1.7128124  -1.77293902 -1.78565957]
----------------------------------
l2reg=1220
Eval=1.7125857755503127
[-1.66544239 -1.66460047 -1.66334337 -1.74811367 -1.6910586  -1.67499822
 -1.7546804  -1.70607482 -1.77168598 -1.78585984]
----------------------------------
l2reg=1230
Eval=1.7112750269368018
[-1.66813347 -1.66305163 -1.65694751 -1.75123908 -1.68127458 -1.68408403
 -1.74994252 -1.70265674 -1.77388451 -1.78153621]
----------------------------------
l2reg=1240
Eval=1.7107127828784972
[-1.67118151 -1.66017288 -1.66689235 -1.74717999 -1.67607573 -1.68645736
 -1.74549462 -1.69466988 -1.7748714  -1.78413212]
----------------------------------
l2reg=1250
Eval=1.7100179112085574
[-1.67233397 -1.65681034 -1.65950865 -1.74935361 -1.69116443 -1.68046863
 -1.73932211 -1.70485104 -1.77248506 -1.77388126]
----------------------------------
l2reg=1260
Eval=1.7108342282619404
[-1.66609339 -1.65847622 -1.66001908 -1.74721482 -1.68681233 -1.68627403
 -1.75644206 -1.70191498 -1.77008964 -1.77500573]
----------------------------------
l2reg=1270
Eval=1.7087102615314316
[-1.66375536 -1.66315505 -1.66171178 -1.7475502  -1.6827426  -1.68679271
 -1.75585351 -1.69972345 -1.76321251 -1.76260544]
----------------------------------
l2reg=1280
Eval=1.712741522212811
[-1.67844149 -1.66261019 -1.66494243 -1.7486369  -1.68442247 -1.68733353
 -1.75347774 -1.70307687 -1.77748715 -1.76698646]
----------------------------------
l2reg=1290
Eval=1.7097656456901091
[-1.6648645  -1.66098595 -1.65715578 -1.74908678 -1.68211291 -1.68143361
 -1.75360439 -1.69879759 -1.78118718 -1.76842775]
----------------------------------
l2reg=1300
Eval=1.7080153017762196
[-1.66089481 -1.66339061 -1.65541315 -1.74556302 -1.68532857 -1.68738423
 -1.75597655 -1.70208599 -1.76166986 -1.76244622]
----------------------------------
l2reg=1310
Eval=1.7082966073281884
[-1.65972324 -1.66044866 -1.65333562 -1.74695529 -1.68597344 -1.69325608
 -1.7490155  -1.69700086 -1.77323361 -1.76402377]
----------------------------------
l2reg=1320
Eval=1.7154311563423619
[-1.67405969 -1.67009242 -1.66346147 -1.75813338 -1.6897913  -1.69393846
 -1.75751363 -1.69492944 -1.77829555 -1.77409621]
----------------------------------
l2reg=1330
Eval=1.7092091643920202
[-1.65980016 -1.66505816 -1.66029632 -1.75182252 -1.68541225 -1.67786398
 -1.75648163 -1.69450894 -1.76982439 -1.7710233 ]
----------------------------------
l2reg=1340
Eval=1.7147643498842136
[-1.66352316 -1.66542988 -1.66909859 -1.7460045  -1.6839419  -1.68520685
 -1.75494313 -1.70395404 -1.79012524 -1.78541621]
----------------------------------
l2reg=1350
Eval=1.7118178836793632
[-1.65905417 -1.66955645 -1.65937296 -1.75044001 -1.68647905 -1.68539525
 -1.7523999  -1.70169384 -1.781607   -1.77218021]
----------------------------------
l2reg=1360
Eval=1.7124474311359297
[-1.66172777 -1.65783547 -1.66395016 -1.75425306 -1.69109914 -1.68537309
 -1.75571302 -1.70776785 -1.77359111 -1.77316365]
----------------------------------
l2reg=1370
Eval=1.7108754382943545
[-1.66123331 -1.65147887 -1.66357416 -1.74881072 -1.68159483 -1.68183099
 -1.76190384 -1.71344784 -1.76804227 -1.77683755]
----------------------------------
l2reg=1380
Eval=1.7120680835419502
[-1.65899738 -1.66326361 -1.66675286 -1.75294612 -1.68588523 -1.68765205
 -1.74876983 -1.70223102 -1.76923111 -1.78495163]
----------------------------------
l2reg=1390
Eval=1.712248311173072
[-1.65992821 -1.66498542 -1.66645468 -1.75264704 -1.67286702 -1.68990676
 -1.75567968 -1.70531353 -1.77174203 -1.78295875]
----------------------------------
l2reg=1400
Eval=1.7107749611288714
[-1.65949274 -1.66352921 -1.66442633 -1.7549422  -1.69137926 -1.68444637
 -1.75188916 -1.69397426 -1.77042111 -1.77324894]
----------------------------------
l2reg=1410
Eval=1.712258334003105
[-1.66448882 -1.65438478 -1.66703997 -1.75202863 -1.69784071 -1.68763733
 -1.75248967 -1.69713601 -1.77689637 -1.77264105]
----------------------------------
l2reg=1420
Eval=1.7131805712782135
[-1.66997607 -1.66414459 -1.65826111 -1.75477613 -1.68104123 -1.68629539
 -1.75739764 -1.70034146 -1.77538365 -1.78418843]
----------------------------------
l2reg=1430
Eval=1.712891448953799
[-1.66124738 -1.65800777 -1.65648495 -1.75468301 -1.68430859 -1.69465678
 -1.75841299 -1.71214537 -1.76792608 -1.78104156]
----------------------------------
l2reg=1440
Eval=1.7118820448718235
[-1.66289515 -1.65469785 -1.67411505 -1.75428308 -1.68332979 -1.68592386
 -1.74783872 -1.70126501 -1.77433791 -1.78013402]
----------------------------------
l2reg=1450
Eval=1.7108048539625558
[-1.66777883 -1.65775808 -1.66625331 -1.74812816 -1.68234637 -1.68852159
 -1.74913899 -1.70647874 -1.77368775 -1.76795672]
----------------------------------
l2reg=1460
Eval=1.7101664981796891
[-1.66171334 -1.66319047 -1.66553776 -1.75102607 -1.68378374 -1.67603845
 -1.75108185 -1.69728433 -1.76592962 -1.78607934]
----------------------------------
l2reg=1470
Eval=1.7100328876420487
[-1.65991813 -1.66067788 -1.67304197 -1.74669671 -1.68347872 -1.6748562
 -1.75268566 -1.70294983 -1.77353559 -1.77248818]
----------------------------------
l2reg=1480
Eval=1.7098083788501117
[-1.66561286 -1.65209405 -1.66933398 -1.74435456 -1.69196691 -1.67678543
 -1.7544137  -1.69522879 -1.77368308 -1.77461044]
----------------------------------
l2reg=1490
Eval=1.7122383548543862
[-1.66847915 -1.66168112 -1.66483642 -1.75316361 -1.69593991 -1.68308157
 -1.75742148 -1.70225452 -1.76835029 -1.76717548]
----------------------------------
l2reg=1500
Eval=1.7128863621396917
[-1.66683824 -1.66332575 -1.6678799  -1.74618913 -1.68576876 -1.68363316
 -1.75822344 -1.70079771 -1.77567836 -1.78052917]
----------------------------------
l2reg=1510
Eval=1.7114289004869359
[-1.66378412 -1.66437236 -1.66604028 -1.74799922 -1.69075898 -1.68147458
 -1.75846885 -1.6999222  -1.76772139 -1.773747  ]
----------------------------------
l2reg=1520
Eval=1.7147438722974275
[-1.66678179 -1.65851162 -1.66501042 -1.75707931 -1.6969124  -1.68152657
 -1.76563618 -1.70539872 -1.77741984 -1.77316187]
----------------------------------
l2reg=1530
Eval=1.709548804771367
[-1.66680349 -1.65133528 -1.66271116 -1.74516575 -1.68991461 -1.68398251
 -1.75403006 -1.70425558 -1.76804128 -1.76924833]
----------------------------------
l2reg=1540
Eval=1.7135134540881123
[-1.66928807 -1.66108982 -1.6618464  -1.75698362 -1.69066146 -1.68737905
 -1.75182405 -1.70364827 -1.77678547 -1.77562833]
----------------------------------
l2reg=1550
Eval=1.7152068697712948
[-1.6682704  -1.65782698 -1.6669255  -1.75741078 -1.69492639 -1.68864347
 -1.7583218  -1.70673482 -1.77788961 -1.77511894]
----------------------------------
l2reg=1560
Eval=1.7126798866019581
[-1.6624173  -1.65232734 -1.670688   -1.75710672 -1.69569865 -1.68777581
 -1.75075545 -1.708072   -1.77292682 -1.76903078]
----------------------------------
l2reg=1570
Eval=1.7137985034385097
[-1.66060813 -1.66091136 -1.66783917 -1.75562075 -1.69211826 -1.68035061
 -1.75532353 -1.70545633 -1.78100292 -1.77875396]
----------------------------------
l2reg=1580
Eval=1.7128558278052548
[-1.6607899  -1.66903746 -1.66959393 -1.75333069 -1.67667215 -1.686858
 -1.75443939 -1.70215751 -1.7779464  -1.77773283]
----------------------------------
l2reg=1590
Eval=1.7135001232496065
[-1.6684093  -1.65889377 -1.66526701 -1.76151311 -1.67961514 -1.68943303
 -1.75764725 -1.702588   -1.77834147 -1.77329314]
----------------------------------
l2reg=1600
Eval=1.712714304933174
[-1.66160479 -1.65902913 -1.66665652 -1.76317062 -1.6825506  -1.69426656
 -1.75730979 -1.70168    -1.76503759 -1.77583746]
----------------------------------
l2reg=1610
Eval=1.7114463597144234
[-1.66614363 -1.657366   -1.66687721 -1.75514834 -1.68194392 -1.68409904
 -1.76048624 -1.70107589 -1.76668139 -1.77464194]
----------------------------------
l2reg=1620
Eval=1.7104769362861934
[-1.65746141 -1.66097513 -1.6603197  -1.75928388 -1.67452632 -1.68734725
 -1.75693725 -1.70600242 -1.76401383 -1.77790217]
----------------------------------
l2reg=1630
Eval=1.714583730336819
[-1.66733725 -1.65420541 -1.66562987 -1.75686229 -1.68038375 -1.68508758
 -1.75838447 -1.71943663 -1.78034042 -1.77816962]
----------------------------------
l2reg=1640
Eval=1.7136921696691743
[-1.66765643 -1.65889123 -1.67009868 -1.75655867 -1.67705664 -1.68027343
 -1.75138302 -1.71568445 -1.78161065 -1.77770851]
----------------------------------
l2reg=1650
Eval=1.7156863368918813
[-1.66837545 -1.65702693 -1.66545977 -1.75681958 -1.68480829 -1.69019521
 -1.75839619 -1.70889059 -1.78805762 -1.77883373]
----------------------------------
l2reg=1660
Eval=1.7134031253385786
[-1.67136359 -1.64827257 -1.66917463 -1.74850912 -1.68912855 -1.68490179
 -1.75532461 -1.70647139 -1.79002702 -1.770858  ]
----------------------------------
l2reg=1670
Eval=1.7137733025343302
[-1.66864563 -1.6597555  -1.67175919 -1.75467293 -1.68438647 -1.68445164
 -1.75429252 -1.70059772 -1.77523424 -1.78393719]
----------------------------------
l2reg=1680
Eval=1.7144579271239746
[-1.66727266 -1.66322343 -1.66240333 -1.74790279 -1.67924301 -1.69341469
 -1.76287673 -1.70341954 -1.77484528 -1.7899778 ]
----------------------------------
l2reg=1690
Eval=1.7128517113911084
[-1.66778206 -1.65976982 -1.65878393 -1.75288554 -1.68130893 -1.68660883
 -1.75290963 -1.70485682 -1.77677751 -1.78683404]
----------------------------------
l2reg=1700
Eval=1.7138854637136494
[-1.66972246 -1.66515488 -1.67108479 -1.75185585 -1.69859236 -1.68763644
 -1.74973396 -1.69622887 -1.77054304 -1.778302  ]
----------------------------------
l2reg=1710
Eval=1.7133272698352748
[-1.66959881 -1.66396226 -1.66535983 -1.7465378  -1.69588398 -1.69158112
 -1.7524237  -1.70203555 -1.7783807  -1.76750895]
----------------------------------
l2reg=1720
Eval=1.7144552533254511
[-1.67383463 -1.64984013 -1.65657268 -1.75243518 -1.70001969 -1.69355537
 -1.75689774 -1.70740178 -1.7752908  -1.77870454]
----------------------------------
l2reg=1730
Eval=1.714834383589892
[-1.67227609 -1.65772513 -1.66232199 -1.76094397 -1.69473147 -1.683084
 -1.76171521 -1.69759959 -1.78334451 -1.77460187]
----------------------------------
l2reg=1740
Eval=1.7157345036912381
[-1.66741345 -1.66260081 -1.66503494 -1.75405639 -1.69011195 -1.69471977
 -1.76191182 -1.70670774 -1.77552334 -1.77926482]
----------------------------------
l2reg=1750
Eval=1.71754666598798
[-1.67802436 -1.66385431 -1.673416   -1.74880183 -1.698477   -1.6807574
 -1.7613229  -1.71315335 -1.77303689 -1.7846226 ]
----------------------------------
l2reg=1760
Eval=1.716164434052494
[-1.67766356 -1.65797112 -1.66087228 -1.76539742 -1.68911274 -1.68700184
 -1.75897849 -1.70417209 -1.77858156 -1.78189325]
----------------------------------
l2reg=1770
Eval=1.7134531610927362
[-1.6692792  -1.66238439 -1.66406798 -1.75345922 -1.68996433 -1.68118694
 -1.7599164  -1.70522458 -1.77764004 -1.77140854]
----------------------------------
l2reg=1780
Eval=1.7162655836221603
[-1.6651506  -1.6622993  -1.6618492  -1.75110228 -1.69737501 -1.68564649
 -1.76462138 -1.71075194 -1.77884244 -1.7850172 ]
----------------------------------
l2reg=1790
Eval=1.7147809218774068
[-1.66943011 -1.66329318 -1.66248936 -1.75020473 -1.69253912 -1.68318762
 -1.75933497 -1.70894    -1.78388989 -1.77450023]
----------------------------------
l2reg=1800
Eval=1.7159430856079259
[-1.66981747 -1.65847384 -1.66384397 -1.76191378 -1.69390456 -1.68801145
 -1.76594239 -1.70829306 -1.77560416 -1.77362618]
----------------------------------
l2reg=1810
Eval=1.7144571986464618
[-1.67201546 -1.66091278 -1.66272396 -1.74544477 -1.69449511 -1.69300888
 -1.76507914 -1.69908291 -1.78549098 -1.76631798]
----------------------------------
l2reg=1820
Eval=1.7147657524422726
[-1.67402208 -1.66717647 -1.66648913 -1.75393825 -1.68550574 -1.68269423
 -1.75659878 -1.71173973 -1.77737671 -1.7721164 ]
----------------------------------
l2reg=1830
Eval=1.714221229450916
[-1.67244222 -1.66452493 -1.66593659 -1.74263027 -1.69426129 -1.6854792
 -1.75678785 -1.71216414 -1.77723763 -1.77074819]
----------------------------------
l2reg=1840
Eval=1.7124835526695612
[-1.67350237 -1.66096838 -1.65617422 -1.74825653 -1.69039891 -1.68629158
 -1.75888642 -1.69906625 -1.7816763  -1.76961456]
----------------------------------
l2reg=1850
Eval=1.7141421570374624
[-1.672333   -1.6622781  -1.67064356 -1.74435702 -1.68616589 -1.69061494
 -1.74872089 -1.7138261  -1.78203232 -1.77044976]
----------------------------------
l2reg=1860
Eval=1.713344782325097
[-1.67289981 -1.64966743 -1.66539027 -1.74594948 -1.68724271 -1.68326968
 -1.76654183 -1.72013127 -1.77763188 -1.76472346]
----------------------------------
l2reg=1870
Eval=1.7160250989696642
[-1.66287448 -1.65978668 -1.65840436 -1.75936699 -1.6940985  -1.68592592
 -1.77160315 -1.69582192 -1.79324703 -1.77912197]
----------------------------------
l2reg=1880
Eval=1.7120382703659547
[-1.65455624 -1.65854964 -1.67010374 -1.73750494 -1.68001127 -1.69010013
 -1.76169913 -1.70952495 -1.7872103  -1.77112237]
----------------------------------
l2reg=1890
Eval=1.7139810483128735
[-1.6608564  -1.6586041  -1.66992622 -1.7468029  -1.69071449 -1.68237517
 -1.761074   -1.7047894  -1.79005434 -1.77461346]
----------------------------------
l2reg=1900
Eval=1.7172853035628541
[-1.6777521  -1.66334454 -1.67758909 -1.74837149 -1.69656245 -1.67476701
 -1.75911525 -1.71046277 -1.79963299 -1.76525534]
----------------------------------
l2reg=1910
Eval=1.714803551510769
[-1.6728163  -1.66404337 -1.6630926  -1.76245463 -1.68605123 -1.68510032
 -1.75042108 -1.70448451 -1.79250711 -1.76706437]
----------------------------------
l2reg=1920
Eval=1.7140440326604505
[-1.67364491 -1.65762655 -1.66309131 -1.75081204 -1.68356817 -1.67999139
 -1.75941569 -1.70995213 -1.79002459 -1.77231353]
----------------------------------
l2reg=1930
Eval=1.7183605821563135
[-1.68226827 -1.65415897 -1.66853355 -1.76969975 -1.68396906 -1.6817632
 -1.76844482 -1.70949935 -1.79171567 -1.77355319]
----------------------------------
l2reg=1940
Eval=1.716469780212582
[-1.66483979 -1.65867376 -1.67012972 -1.77419452 -1.68792852 -1.67883457
 -1.76242453 -1.70334974 -1.78167406 -1.78264858]
----------------------------------
l2reg=1950
Eval=1.7167915429238616
[-1.6681002  -1.65625756 -1.67391181 -1.76948143 -1.69258667 -1.68175504
 -1.75517538 -1.70299619 -1.79276003 -1.77489112]
----------------------------------
l2reg=1960
Eval=1.7126930459134933
[-1.66060493 -1.65562318 -1.6729174  -1.75300964 -1.68529601 -1.68606047
 -1.75952973 -1.70400117 -1.77885282 -1.77103511]
----------------------------------
l2reg=1970
Eval=1.7180857278287203
[-1.6758186  -1.66453874 -1.67111802 -1.75916164 -1.67831191 -1.68768661
 -1.76870693 -1.71250053 -1.78907775 -1.77393655]
----------------------------------
l2reg=1980
Eval=1.7185189949992008
[-1.68128635 -1.66179137 -1.67573004 -1.75850311 -1.68736599 -1.68722906
 -1.76160147 -1.71250053 -1.7842393  -1.77494273]
----------------------------------
l2reg=1990
Eval=1.7138360657981608
[-1.66946067 -1.66179137 -1.66619399 -1.74723321 -1.68181383 -1.68625031
 -1.76160137 -1.71507661 -1.77917477 -1.76976452]
----------------------------------
l2reg=2000
Eval=1.7148711218800365
[-1.67614814 -1.65472206 -1.66898589 -1.75362151 -1.68340106 -1.68315874
 -1.76039638 -1.70950064 -1.78364685 -1.77512995]
