----------------------------------
l2reg=0
Eval=1.7046133375230763
[-1.65008887 -1.65276913 -1.74505139 -1.71266254 -1.71882715 -1.7059898
 -1.69653809 -1.75497975]
----------------------------------
l2reg=1
Eval=1.7068258546000021
[-1.66101494 -1.66315159 -1.75011494 -1.70409835 -1.7113109  -1.71588067
 -1.70403351 -1.74500193]
----------------------------------
l2reg=2
Eval=1.7085677025645198
[-1.66877573 -1.66534787 -1.74408468 -1.71087351 -1.70744878 -1.70800351
 -1.70434129 -1.75966625]
----------------------------------
l2reg=3
Eval=1.7074675624168802
[-1.65521088 -1.65564259 -1.74605137 -1.70605744 -1.7164979  -1.7048206
 -1.70789213 -1.76756759]
----------------------------------
l2reg=4
Eval=1.7053597927381032
[-1.65781177 -1.66377087 -1.76119082 -1.70488885 -1.71173214 -1.70259682
 -1.69684975 -1.74403733]
----------------------------------
l2reg=5
Eval=1.7086020391626129
[-1.6575101  -1.66056987 -1.75590599 -1.70827475 -1.71754845 -1.7105938
 -1.70617414 -1.75223922]
----------------------------------
l2reg=6
Eval=1.7042943983512024
[-1.65140851 -1.65872923 -1.73984874 -1.71392177 -1.72018338 -1.70198097
 -1.7002465  -1.74803608]
----------------------------------
l2reg=7
Eval=1.7027279143957148
[-1.65676552 -1.65926857 -1.75001221 -1.69816583 -1.70676768 -1.70994778
 -1.69346964 -1.74742609]
----------------------------------
l2reg=8
Eval=1.703907841430339
[-1.6481144  -1.65749997 -1.7473351  -1.69670593 -1.70969223 -1.70567173
 -1.70557148 -1.7606719 ]
----------------------------------
l2reg=9
Eval=1.7051593497848176
[-1.65797485 -1.65281535 -1.75161629 -1.71136961 -1.70917698 -1.70182306
 -1.7072026  -1.74929607]
----------------------------------
l2reg=10
Eval=1.7031690011856409
[-1.65278386 -1.65100649 -1.74884392 -1.712615   -1.70708483 -1.70458297
 -1.69842195 -1.75001299]
----------------------------------
l2reg=11
Eval=1.7061950415098712
[-1.65027882 -1.66032982 -1.75026259 -1.70673284 -1.70668174 -1.7090967
 -1.70245891 -1.76371892]
----------------------------------
l2reg=12
Eval=1.7023794066729396
[-1.65659803 -1.65562189 -1.74873897 -1.69782107 -1.71000272 -1.70599335
 -1.69747893 -1.7467803 ]
----------------------------------
l2reg=13
Eval=1.7022690610835816
[-1.65657794 -1.65647769 -1.73772006 -1.7046148  -1.70419974 -1.71074686
 -1.69281534 -1.75500005]
----------------------------------
l2reg=14
Eval=1.7029827260309691
[-1.66156255 -1.65685314 -1.73872476 -1.70134627 -1.70133374 -1.70584807
 -1.70061995 -1.75757334]
----------------------------------
l2reg=15
Eval=1.7028383970040537
[-1.65517458 -1.65512538 -1.74603409 -1.70341282 -1.71093891 -1.70925605
 -1.68969083 -1.75307451]
----------------------------------
l2reg=16
Eval=1.7012736213890283
[-1.6562919  -1.64582103 -1.74696439 -1.70034706 -1.71557548 -1.69736819
 -1.69065892 -1.75716201]
----------------------------------
l2reg=17
Eval=1.7042436117565871
[-1.65171614 -1.65528436 -1.74764906 -1.6999263  -1.71090932 -1.71177674
 -1.70510792 -1.75157904]
----------------------------------
l2reg=18
Eval=1.7036599286644118
[-1.65327742 -1.65168345 -1.74616434 -1.70858499 -1.70827048 -1.70967706
 -1.69813627 -1.75348541]
----------------------------------
l2reg=19
Eval=1.7024829067118727
[-1.66219406 -1.65075948 -1.74120072 -1.7017778  -1.70836877 -1.70977767
 -1.69996597 -1.74581879]
----------------------------------
l2reg=20
Eval=1.701105621973286
[-1.66386557 -1.65590138 -1.73431585 -1.70294976 -1.70644182 -1.69885118
 -1.69851907 -1.74800034]
----------------------------------
l2reg=21
Eval=1.7045633749731632
[-1.65832638 -1.6481098  -1.74479889 -1.7024139  -1.71165923 -1.69798127
 -1.69583733 -1.7773802 ]
----------------------------------
l2reg=22
Eval=1.7022391003806387
[-1.65841079 -1.64782705 -1.74105123 -1.70579125 -1.70946165 -1.70119015
 -1.69365867 -1.76052202]
----------------------------------
l2reg=23
Eval=1.700729864420244
[-1.6605704  -1.63562581 -1.75968893 -1.69338021 -1.70515004 -1.69847909
 -1.70283055 -1.7501139 ]
----------------------------------
l2reg=24
Eval=1.7016729077580115
[-1.65882562 -1.66214309 -1.72726756 -1.69981698 -1.70675745 -1.70043786
 -1.70227526 -1.75585944]
----------------------------------
l2reg=25
Eval=1.7001311096534322
[-1.65101953 -1.65294654 -1.731284   -1.70269957 -1.71509948 -1.7004589
 -1.7001584  -1.74738245]
----------------------------------
l2reg=26
Eval=1.7035358151971904
[-1.65994832 -1.65984352 -1.72897893 -1.70725456 -1.72050565 -1.70516431
 -1.69283578 -1.75375544]
----------------------------------
l2reg=27
Eval=1.7002353779290031
[-1.65349753 -1.64244528 -1.74050342 -1.69266806 -1.71218594 -1.71243417
 -1.70127973 -1.74686889]
----------------------------------
l2reg=28
Eval=1.70160763485873
[-1.65553474 -1.6549671  -1.73467321 -1.70367991 -1.71011266 -1.70110632
 -1.704272   -1.74851513]
----------------------------------
l2reg=29
Eval=1.7031938127487165
[-1.65433185 -1.64697296 -1.73247872 -1.71688213 -1.71299208 -1.70452272
 -1.70017871 -1.75719133]
----------------------------------
l2reg=30
Eval=1.7041294081030838
[-1.65557389 -1.65557139 -1.73945106 -1.71375637 -1.70899044 -1.70236633
 -1.70387924 -1.75344652]
----------------------------------
l2reg=31
Eval=1.7036960734293147
[-1.65338903 -1.65176448 -1.73996006 -1.70820248 -1.71360247 -1.70611348
 -1.6997912  -1.7567454 ]
----------------------------------
l2reg=32
Eval=1.7006122416848453
[-1.65954671 -1.64241881 -1.73483869 -1.70477965 -1.70981946 -1.70270029
 -1.70323215 -1.74756218]
----------------------------------
l2reg=33
Eval=1.7015805527327266
[-1.65725473 -1.64738183 -1.73773845 -1.70493843 -1.71366911 -1.69733215
 -1.68987191 -1.76445782]
----------------------------------
l2reg=34
Eval=1.6989152632711393
[-1.64563952 -1.63875173 -1.74492994 -1.68747279 -1.71121401 -1.70450998
 -1.70225384 -1.75655029]
----------------------------------
l2reg=35
Eval=1.6992925915268373
[-1.66033767 -1.64462041 -1.7313662  -1.70185834 -1.7008061  -1.7040457
 -1.69808937 -1.75321695]
----------------------------------
l2reg=36
Eval=1.7028419173941796
[-1.66082263 -1.65619121 -1.72889071 -1.70086785 -1.70918345 -1.69876326
 -1.71045755 -1.75755869]
----------------------------------
l2reg=37
Eval=1.7000150964262046
[-1.64641258 -1.65192845 -1.72869391 -1.69500413 -1.70674202 -1.70702881
 -1.70548872 -1.75882215]
----------------------------------
l2reg=38
Eval=1.6981893329479332
[-1.64704519 -1.64225579 -1.73590872 -1.70452418 -1.69954648 -1.69789201
 -1.7032017  -1.75514059]
----------------------------------
l2reg=39
Eval=1.7031090520959777
[-1.65425366 -1.65054144 -1.73489402 -1.71302526 -1.70787138 -1.70526806
 -1.70158898 -1.75742961]
----------------------------------
l2reg=40
Eval=1.7009329321093005
[-1.66549921 -1.64887389 -1.73483315 -1.69659973 -1.70590046 -1.71076045
 -1.69708144 -1.74791513]
----------------------------------
l2reg=41
Eval=1.7023036418907702
[-1.64844059 -1.6446324  -1.73394969 -1.71768235 -1.70580382 -1.71740652
 -1.70296987 -1.74754389]
----------------------------------
l2reg=42
Eval=1.7021190069639711
[-1.66780024 -1.6465135  -1.73862906 -1.70004555 -1.7142001  -1.710954
 -1.69516757 -1.74364204]
----------------------------------
l2reg=43
Eval=1.703801658512715
[-1.66158704 -1.65990546 -1.7456755  -1.70610283 -1.71433442 -1.70352443
 -1.70613138 -1.73315221]
----------------------------------
l2reg=44
Eval=1.7039184416465445
[-1.64718936 -1.65565877 -1.73649665 -1.70182862 -1.70794021 -1.71297023
 -1.70408089 -1.7651828 ]
----------------------------------
l2reg=45
Eval=1.7015349140459417
[-1.64792243 -1.6531588  -1.73459145 -1.70341161 -1.70965552 -1.70970252
 -1.70430625 -1.74953073]
----------------------------------
l2reg=46
Eval=1.7037053332217098
[-1.65006236 -1.65630404 -1.73465498 -1.70948614 -1.71184467 -1.71021128
 -1.70524208 -1.75183712]
----------------------------------
l2reg=47
Eval=1.7031120576669028
[-1.64639682 -1.65740458 -1.74255319 -1.69758287 -1.70567401 -1.70820747
 -1.70878504 -1.75829248]
----------------------------------
l2reg=48
Eval=1.7031730025340415
[-1.6526686  -1.65431247 -1.73577308 -1.6996001  -1.71431049 -1.70876891
 -1.70975716 -1.7501932 ]
----------------------------------
l2reg=49
Eval=1.7037781171935307
[-1.66176093 -1.65566894 -1.74318077 -1.70104792 -1.71346919 -1.70394318
 -1.70461249 -1.74654151]
----------------------------------
l2reg=50
Eval=1.7030713153832533
[-1.65509591 -1.64988381 -1.7320899  -1.70693096 -1.7101404  -1.70525486
 -1.70328306 -1.76189162]
----------------------------------
l2reg=51
Eval=1.7023506693890793
[-1.65638034 -1.64401701 -1.73790551 -1.69845233 -1.71033398 -1.71376078
 -1.70013406 -1.75782134]
----------------------------------
l2reg=52
Eval=1.7021088050929571
[-1.6543463  -1.65491756 -1.72832267 -1.70525577 -1.71090378 -1.7078678
 -1.70609293 -1.74916364]
----------------------------------
l2reg=53
Eval=1.6999581967044661
[-1.64626295 -1.64492048 -1.73328266 -1.70390235 -1.7111942  -1.70808158
 -1.70526704 -1.74675432]
----------------------------------
l2reg=54
Eval=1.700407229218693
[-1.65070123 -1.65516376 -1.72402576 -1.70761063 -1.70780017 -1.70607115
 -1.70938343 -1.74250171]
----------------------------------
l2reg=55
Eval=1.6982295981694884
[-1.64238595 -1.64490341 -1.73226276 -1.69368067 -1.71117823 -1.70646806
 -1.70609831 -1.7488594 ]
----------------------------------
l2reg=56
Eval=1.7027129604343505
[-1.65419026 -1.65093229 -1.7350801  -1.69887251 -1.71191982 -1.71177352
 -1.70681654 -1.75211864]
----------------------------------
l2reg=57
Eval=1.703336776428299
[-1.65784583 -1.64363763 -1.73312812 -1.70270874 -1.71542008 -1.70655496
 -1.70584818 -1.76155067]
----------------------------------
l2reg=58
Eval=1.7022212544227722
[-1.65495257 -1.65246676 -1.73477215 -1.70545106 -1.71686094 -1.71108244
 -1.69932165 -1.74286248]
----------------------------------
l2reg=59
Eval=1.6969065662618257
[-1.64651302 -1.64324928 -1.72352417 -1.69601824 -1.70935791 -1.70688649
 -1.6967639  -1.75293951]
----------------------------------
l2reg=60
Eval=1.699702012183474
[-1.6487228  -1.65073641 -1.72994236 -1.70271501 -1.71575482 -1.70168771
 -1.69976445 -1.74829253]
----------------------------------
l2reg=61
Eval=1.6993639868852648
[-1.65114697 -1.64150367 -1.7280919  -1.7008658  -1.70950158 -1.70807673
 -1.70645713 -1.74926812]
----------------------------------
l2reg=62
Eval=1.702135360575965
[-1.65138714 -1.65534053 -1.73956936 -1.69498927 -1.70840817 -1.7094726
 -1.70024801 -1.7576678 ]
----------------------------------
l2reg=63
Eval=1.7024124744441709
[-1.65254195 -1.65606961 -1.7295014  -1.70356154 -1.70895244 -1.70836725
 -1.70871103 -1.75159458]
----------------------------------
l2reg=64
Eval=1.6986297517719282
[-1.65024135 -1.64606596 -1.72880035 -1.69400441 -1.71103271 -1.7037512
 -1.70448296 -1.75065908]
----------------------------------
l2reg=65
Eval=1.7010348107317428
[-1.65385304 -1.65501755 -1.72506893 -1.7007853  -1.71526086 -1.71109957
 -1.7084695  -1.73872372]
----------------------------------
l2reg=66
Eval=1.7035678823074187
[-1.65356239 -1.6422525  -1.73621669 -1.69726191 -1.70476257 -1.7196799
 -1.7199059  -1.7549012 ]
----------------------------------
l2reg=67
Eval=1.701878861483859
[-1.65568596 -1.64774027 -1.73020915 -1.70321316 -1.71114089 -1.71237789
 -1.7059136  -1.74874998]
----------------------------------
l2reg=68
Eval=1.70385519380648
[-1.66274936 -1.65283765 -1.72445661 -1.69886576 -1.71256452 -1.71050277
 -1.70571261 -1.76315228]
----------------------------------
l2reg=69
Eval=1.6977545159856284
[-1.65317814 -1.64230491 -1.72267178 -1.69834679 -1.70977104 -1.70319706
 -1.70059615 -1.75197027]
----------------------------------
l2reg=70
Eval=1.7022251476581824
[-1.65714874 -1.6398104  -1.72890893 -1.70229751 -1.71389243 -1.70934418
 -1.70869447 -1.75770453]
----------------------------------
l2reg=71
Eval=1.6992199699572277
[-1.65905289 -1.64134509 -1.72681158 -1.6927135  -1.71667987 -1.71075557
 -1.69865456 -1.7477467 ]
----------------------------------
l2reg=72
Eval=1.7002497075050345
[-1.65562235 -1.64574639 -1.7230164  -1.7012933  -1.71058612 -1.70557793
 -1.70579474 -1.75436042]
----------------------------------
l2reg=73
Eval=1.7009286588850463
[-1.65544031 -1.64866502 -1.72453539 -1.70195283 -1.71700671 -1.70040324
 -1.6993067  -1.76011907]
----------------------------------
l2reg=74
Eval=1.7006166453720677
[-1.66174151 -1.6500234  -1.72800941 -1.69586402 -1.71257562 -1.70651094
 -1.70034295 -1.74986532]
----------------------------------
l2reg=75
Eval=1.7018920055198032
[-1.65632201 -1.64374727 -1.72313204 -1.70280767 -1.71160317 -1.71366807
 -1.7074609  -1.75639491]
----------------------------------
l2reg=76
Eval=1.7013087859363234
[-1.6475517  -1.6453951  -1.73126269 -1.695872   -1.72395286 -1.70323902
 -1.70951849 -1.75367842]
----------------------------------
l2reg=77
Eval=1.6994260793248728
[-1.65565415 -1.64474696 -1.73663081 -1.69901741 -1.7177049  -1.68783379
 -1.7098778  -1.74394282]
----------------------------------
l2reg=78
Eval=1.7022983564677636
[-1.64896897 -1.65465637 -1.73414944 -1.70647926 -1.70963426 -1.70676842
 -1.70341496 -1.75431516]
----------------------------------
l2reg=79
Eval=1.7004208088612223
[-1.65400018 -1.65284034 -1.73050867 -1.70148289 -1.7120686  -1.70198708
 -1.70353708 -1.74694162]
----------------------------------
l2reg=80
Eval=1.6976240511745913
[-1.65392714 -1.63926275 -1.72284816 -1.69726321 -1.70232579 -1.7087586
 -1.70742948 -1.74917727]
----------------------------------
l2reg=81
Eval=1.6974658641105504
[-1.65484302 -1.63849989 -1.73354105 -1.69404534 -1.70035093 -1.69963292
 -1.70307218 -1.75574157]
----------------------------------
l2reg=82
Eval=1.7003560837967622
[-1.65940974 -1.63441673 -1.73114834 -1.69966041 -1.71037911 -1.71127309
 -1.70520373 -1.75135752]
----------------------------------
l2reg=83
Eval=1.7008821638029556
[-1.65610321 -1.64438864 -1.72789312 -1.70481298 -1.70883514 -1.70541707
 -1.71073706 -1.74887009]
----------------------------------
l2reg=84
Eval=1.7020738556139212
[-1.65219884 -1.64913711 -1.72400062 -1.7025709  -1.70525083 -1.71564053
 -1.71986594 -1.74792606]
----------------------------------
l2reg=85
Eval=1.6986418644598644
[-1.65080006 -1.64531234 -1.71676664 -1.69686055 -1.71207471 -1.70943702
 -1.70860066 -1.74928292]
----------------------------------
l2reg=86
Eval=1.7023082370059437
[-1.65368578 -1.64646068 -1.72666566 -1.69705568 -1.70903906 -1.71540127
 -1.71498633 -1.75517143]
----------------------------------
l2reg=87
Eval=1.701535737014651
[-1.65502553 -1.65252447 -1.72764069 -1.70405838 -1.70606095 -1.70452489
 -1.71101011 -1.75144088]
----------------------------------
l2reg=88
Eval=1.6996937188536643
[-1.65296273 -1.65022241 -1.73305217 -1.69904426 -1.70545866 -1.70077412
 -1.70546466 -1.75057074]
----------------------------------
l2reg=89
Eval=1.6996884712294031
[-1.64992496 -1.63957951 -1.73058081 -1.70173062 -1.70935654 -1.7034817
 -1.7057347  -1.75711893]
----------------------------------
l2reg=90
Eval=1.6990045179809126
[-1.64812966 -1.64011579 -1.73866176 -1.69232711 -1.71400983 -1.70550591
 -1.70496253 -1.74832355]
----------------------------------
l2reg=91
Eval=1.698973157818068
[-1.66366568 -1.63994615 -1.72342815 -1.69467867 -1.71124718 -1.69614307
 -1.71054996 -1.75212641]
----------------------------------
l2reg=92
Eval=1.7002742870248744
[-1.65373478 -1.64855964 -1.72821766 -1.70465687 -1.7027503  -1.70535066
 -1.70705665 -1.75186773]
----------------------------------
l2reg=93
Eval=1.6991490478815805
[-1.65180266 -1.64358063 -1.73222457 -1.69699759 -1.70970376 -1.70429721
 -1.70501824 -1.74956773]
----------------------------------
l2reg=94
Eval=1.6986581526627458
[-1.64921009 -1.65225528 -1.72293658 -1.70222127 -1.70431262 -1.69350937
 -1.70948599 -1.75533401]
----------------------------------
l2reg=95
Eval=1.7008146352040276
[-1.65933788 -1.64970744 -1.72775306 -1.6874615  -1.71073626 -1.70199086
 -1.70717367 -1.76235642]
----------------------------------
l2reg=96
Eval=1.6990023437557922
[-1.65326991 -1.64052703 -1.73417317 -1.69388176 -1.70541414 -1.69672121
 -1.70995522 -1.75807631]
----------------------------------
l2reg=97
Eval=1.6973122183979572
[-1.64338017 -1.6368732  -1.73416522 -1.6966859  -1.70609473 -1.69367948
 -1.70253664 -1.7650824 ]
----------------------------------
l2reg=98
Eval=1.6960727492943035
[-1.65324526 -1.63759252 -1.72470034 -1.69548177 -1.71153423 -1.69359908
 -1.70394984 -1.74847895]
----------------------------------
l2reg=99
Eval=1.7012095960272484
[-1.65501877 -1.64360281 -1.72445882 -1.69468949 -1.71635601 -1.70600337
 -1.71383423 -1.75571326]
----------------------------------
l2reg=100
Eval=1.7018045418620373
[-1.65250447 -1.64673274 -1.72617704 -1.70096111 -1.71516726 -1.70434351
 -1.70788775 -1.76066246]
